=== Setting up Virtual Environment for Reasoning Abstraction Project ===
Loading required modules...
Removing existing venv...
Creating virtual environment...
Activating virtual environment...
Upgrading pip...
Looking in links: /cvmfs/soft.computecanada.ca/custom/python/wheelhouse/gentoo2023/x86-64-v4, /cvmfs/soft.computecanada.ca/custom/python/wheelhouse/gentoo2023/x86-64-v3, /cvmfs/soft.computecanada.ca/custom/python/wheelhouse/gentoo2023/generic, /cvmfs/soft.computecanada.ca/custom/python/wheelhouse/generic
Requirement already satisfied: pip in ./venv/lib/python3.11/site-packages (23.2.1)
Collecting pip
  Obtaining dependency information for pip from https://files.pythonhosted.org/packages/44/3c/d717024885424591d5376220b5e836c2d5293ce2011523c9de23ff7bf068/pip-25.3-py3-none-any.whl.metadata
  Using cached pip-25.3-py3-none-any.whl.metadata (4.7 kB)
Requirement already satisfied: wheel in /cvmfs/soft.computecanada.ca/easybuild/software/2023/x86-64-v4/Compiler/gcccore/python/3.11.5/lib/python3.11/site-packages (0.41.2)
Processing /cvmfs/soft.computecanada.ca/custom/python/wheelhouse/generic/wheel-0.45.1+computecanada-py3-none-any.whl
Requirement already satisfied: setuptools in ./venv/lib/python3.11/site-packages (65.5.0)
Processing /cvmfs/soft.computecanada.ca/custom/python/wheelhouse/generic/setuptools-80.9.0+computecanada-py3-none-any.whl
Using cached pip-25.3-py3-none-any.whl (1.8 MB)
Installing collected packages: wheel, setuptools, pip
  Attempting uninstall: wheel
    Found existing installation: wheel 0.41.2
    Not uninstalling wheel at /cvmfs/soft.computecanada.ca/easybuild/software/2023/x86-64-v4/Compiler/gcccore/python/3.11.5/lib/python3.11/site-packages, outside environment /project/6098391/wuroderi/reasoning_abstraction/venv
    Can't uninstall 'wheel'. No files were found to uninstall.
  Attempting uninstall: setuptools
    Found existing installation: setuptools 65.5.0
    Uninstalling setuptools-65.5.0:
      Successfully uninstalled setuptools-65.5.0
  Attempting uninstall: pip
    Found existing installation: pip 23.2.1
    Uninstalling pip-23.2.1:
      Successfully uninstalled pip-23.2.1
Successfully installed pip-25.3 setuptools-80.9.0+computecanada wheel-0.45.1+computecanada
Installing requirements from requirements.txt...
Looking in links: /cvmfs/soft.computecanada.ca/custom/python/wheelhouse/gentoo2023/x86-64-v4, /cvmfs/soft.computecanada.ca/custom/python/wheelhouse/gentoo2023/x86-64-v3, /cvmfs/soft.computecanada.ca/custom/python/wheelhouse/gentoo2023/generic, /cvmfs/soft.computecanada.ca/custom/python/wheelhouse/generic
Requirement already satisfied: torch>=2.0.0 in /home/wuroderi/.local/lib/python3.11/site-packages (from -r requirements.txt (line 1)) (2.9.1+computecanada)
Requirement already satisfied: transformers>=4.30.0 in /home/wuroderi/.local/lib/python3.11/site-packages (from -r requirements.txt (line 2)) (4.57.3+computecanada)
Requirement already satisfied: safetensors>=0.3.0 in /home/wuroderi/.local/lib/python3.11/site-packages (from -r requirements.txt (line 3)) (0.5.3+computecanada)
Requirement already satisfied: numpy>=1.24.0 in /cvmfs/soft.computecanada.ca/easybuild/software/2023/x86-64-v4/Compiler/gcccore/scipy-stack/2023b/lib/python3.11/site-packages (from -r requirements.txt (line 4)) (1.25.2+computecanada)
Requirement already satisfied: matplotlib>=3.7.0 in /home/wuroderi/.local/lib/python3.11/site-packages (from -r requirements.txt (line 5)) (3.10.1+computecanada)
Requirement already satisfied: seaborn>=0.12.0 in /home/wuroderi/.local/lib/python3.11/site-packages (from -r requirements.txt (line 6)) (0.13.2+computecanada)
Requirement already satisfied: scikit-learn>=1.3.0 in /home/wuroderi/.local/lib/python3.11/site-packages (from -r requirements.txt (line 7)) (1.7.1+computecanada)
Requirement already satisfied: umap-learn>=0.5.0 in /home/wuroderi/.local/lib/python3.11/site-packages (from -r requirements.txt (line 8)) (0.5.9.post2+computecanada)
Requirement already satisfied: filelock in /cvmfs/soft.computecanada.ca/easybuild/software/2023/x86-64-v4/Compiler/gcccore/python/3.11.5/lib/python3.11/site-packages (from torch>=2.0.0->-r requirements.txt (line 1)) (3.12.2)
Requirement already satisfied: typing-extensions>=4.10.0 in /home/wuroderi/.local/lib/python3.11/site-packages (from torch>=2.0.0->-r requirements.txt (line 1)) (4.15.0+computecanada)
Requirement already satisfied: sympy>=1.13.3 in /home/wuroderi/.local/lib/python3.11/site-packages (from torch>=2.0.0->-r requirements.txt (line 1)) (1.14.0+computecanada)
Requirement already satisfied: networkx>=2.5.1 in /home/wuroderi/.local/lib/python3.11/site-packages (from torch>=2.0.0->-r requirements.txt (line 1)) (3.6.1+computecanada)
Requirement already satisfied: jinja2 in /cvmfs/soft.computecanada.ca/easybuild/software/2023/x86-64-v4/Compiler/gcccore/scipy-stack/2023b/lib/python3.11/site-packages (from torch>=2.0.0->-r requirements.txt (line 1)) (3.1.2+computecanada)
Requirement already satisfied: fsspec>=0.8.5 in /home/wuroderi/.local/lib/python3.11/site-packages (from torch>=2.0.0->-r requirements.txt (line 1)) (2025.10.0+computecanada)
Requirement already satisfied: huggingface-hub<1.0,>=0.34.0 in /home/wuroderi/.local/lib/python3.11/site-packages (from transformers>=4.30.0->-r requirements.txt (line 2)) (0.36.0+computecanada)
Requirement already satisfied: packaging>=20.0 in /cvmfs/soft.computecanada.ca/easybuild/software/2023/x86-64-v4/Compiler/gcccore/python/3.11.5/lib/python3.11/site-packages (from transformers>=4.30.0->-r requirements.txt (line 2)) (23.1)
Requirement already satisfied: pyyaml>=5.1 in /home/wuroderi/.local/lib/python3.11/site-packages (from transformers>=4.30.0->-r requirements.txt (line 2)) (6.0.2+computecanada)
Requirement already satisfied: regex!=2019.12.17 in /home/wuroderi/.local/lib/python3.11/site-packages (from transformers>=4.30.0->-r requirements.txt (line 2)) (2024.11.6+computecanada)
Requirement already satisfied: requests in /home/wuroderi/.local/lib/python3.11/site-packages (from transformers>=4.30.0->-r requirements.txt (line 2)) (2.32.5+computecanada)
Requirement already satisfied: tokenizers<=0.23.0,>=0.22.0 in /home/wuroderi/.local/lib/python3.11/site-packages (from transformers>=4.30.0->-r requirements.txt (line 2)) (0.22.1+computecanada)
Requirement already satisfied: tqdm>=4.27 in /home/wuroderi/.local/lib/python3.11/site-packages (from transformers>=4.30.0->-r requirements.txt (line 2)) (4.67.1+computecanada)
Requirement already satisfied: hf-xet<2.0.0,>=1.1.3 in /home/wuroderi/.local/lib/python3.11/site-packages (from huggingface-hub<1.0,>=0.34.0->transformers>=4.30.0->-r requirements.txt (line 2)) (1.2.0+computecanada)
Requirement already satisfied: contourpy>=1.0.1 in /cvmfs/soft.computecanada.ca/easybuild/software/2023/x86-64-v4/Compiler/gcccore/scipy-stack/2023b/lib/python3.11/site-packages (from matplotlib>=3.7.0->-r requirements.txt (line 5)) (1.1.0+computecanada)
Requirement already satisfied: cycler>=0.10 in /cvmfs/soft.computecanada.ca/easybuild/software/2023/x86-64-v4/Compiler/gcccore/scipy-stack/2023b/lib/python3.11/site-packages (from matplotlib>=3.7.0->-r requirements.txt (line 5)) (0.11.0+computecanada)
Requirement already satisfied: fonttools>=4.22.0 in /cvmfs/soft.computecanada.ca/easybuild/software/2023/x86-64-v4/Compiler/gcccore/scipy-stack/2023b/lib/python3.11/site-packages (from matplotlib>=3.7.0->-r requirements.txt (line 5)) (4.42.1+computecanada)
Requirement already satisfied: kiwisolver>=1.3.1 in /cvmfs/soft.computecanada.ca/easybuild/software/2023/x86-64-v4/Compiler/gcccore/scipy-stack/2023b/lib/python3.11/site-packages (from matplotlib>=3.7.0->-r requirements.txt (line 5)) (1.4.5+computecanada)
Requirement already satisfied: pillow>=8 in /cvmfs/soft.computecanada.ca/easybuild/software/2023/x86-64-v4/Compiler/gcccore/scipy-stack/2023b/lib/python3.11/site-packages (from matplotlib>=3.7.0->-r requirements.txt (line 5)) (10.0.0+computecanada)
Requirement already satisfied: pyparsing>=2.3.1 in /cvmfs/soft.computecanada.ca/easybuild/software/2023/x86-64-v4/Compiler/gcccore/python/3.11.5/lib/python3.11/site-packages (from matplotlib>=3.7.0->-r requirements.txt (line 5)) (3.1.1)
Requirement already satisfied: python-dateutil>=2.7 in /cvmfs/soft.computecanada.ca/easybuild/software/2023/x86-64-v4/Compiler/gcccore/ipykernel/2023b/lib/python3.11/site-packages (from matplotlib>=3.7.0->-r requirements.txt (line 5)) (2.8.2+computecanada)
Requirement already satisfied: pandas>=1.2 in /home/wuroderi/.local/lib/python3.11/site-packages (from seaborn>=0.12.0->-r requirements.txt (line 6)) (2.3.3+computecanada)
Requirement already satisfied: scipy>=1.8.0 in /cvmfs/soft.computecanada.ca/easybuild/software/2023/x86-64-v4/Compiler/gcccore/scipy-stack/2023b/lib/python3.11/site-packages (from scikit-learn>=1.3.0->-r requirements.txt (line 7)) (1.11.2+computecanada)
Requirement already satisfied: joblib>=1.2.0 in /home/wuroderi/.local/lib/python3.11/site-packages (from scikit-learn>=1.3.0->-r requirements.txt (line 7)) (1.5.3+computecanada)
Requirement already satisfied: threadpoolctl>=3.1.0 in /home/wuroderi/.local/lib/python3.11/site-packages (from scikit-learn>=1.3.0->-r requirements.txt (line 7)) (3.6.0+computecanada)
Requirement already satisfied: numba>=0.51.2 in /home/wuroderi/.local/lib/python3.11/site-packages (from umap-learn>=0.5.0->-r requirements.txt (line 8)) (0.62.1+computecanada)
Requirement already satisfied: pynndescent>=0.5 in /home/wuroderi/.local/lib/python3.11/site-packages (from umap-learn>=0.5.0->-r requirements.txt (line 8)) (0.6.0)
Requirement already satisfied: llvmlite<0.46,>=0.45.0dev0 in /home/wuroderi/.local/lib/python3.11/site-packages (from numba>=0.51.2->umap-learn>=0.5.0->-r requirements.txt (line 8)) (0.45.1+computecanada)
Requirement already satisfied: pytz>=2020.1 in /cvmfs/soft.computecanada.ca/easybuild/software/2023/x86-64-v4/Compiler/gcccore/scipy-stack/2023b/lib/python3.11/site-packages (from pandas>=1.2->seaborn>=0.12.0->-r requirements.txt (line 6)) (2023.3+computecanada)
Requirement already satisfied: tzdata>=2022.7 in /cvmfs/soft.computecanada.ca/easybuild/software/2023/x86-64-v4/Compiler/gcccore/scipy-stack/2023b/lib/python3.11/site-packages (from pandas>=1.2->seaborn>=0.12.0->-r requirements.txt (line 6)) (2023.3+computecanada)
Requirement already satisfied: six>=1.5 in /cvmfs/soft.computecanada.ca/easybuild/software/2023/x86-64-v4/Compiler/gcccore/python/3.11.5/lib/python3.11/site-packages (from python-dateutil>=2.7->matplotlib>=3.7.0->-r requirements.txt (line 5)) (1.16.0)
Requirement already satisfied: mpmath<1.4,>=1.1.0 in /cvmfs/soft.computecanada.ca/easybuild/software/2023/x86-64-v4/Compiler/gcccore/scipy-stack/2023b/lib/python3.11/site-packages (from sympy>=1.13.3->torch>=2.0.0->-r requirements.txt (line 1)) (1.3.0+computecanada)
Requirement already satisfied: MarkupSafe>=2.0 in /cvmfs/soft.computecanada.ca/easybuild/software/2023/x86-64-v4/Compiler/gcccore/scipy-stack/2023b/lib/python3.11/site-packages (from jinja2->torch>=2.0.0->-r requirements.txt (line 1)) (2.1.3+computecanada)
Requirement already satisfied: charset-normalizer<4,>=2 in /home/wuroderi/.local/lib/python3.11/site-packages (from requests->transformers>=4.30.0->-r requirements.txt (line 2)) (3.4.4+computecanada)
Requirement already satisfied: idna<4,>=2.5 in /home/wuroderi/.local/lib/python3.11/site-packages (from requests->transformers>=4.30.0->-r requirements.txt (line 2)) (3.11+computecanada)
Requirement already satisfied: urllib3<3,>=1.21.1 in /home/wuroderi/.local/lib/python3.11/site-packages (from requests->transformers>=4.30.0->-r requirements.txt (line 2)) (2.6.3+computecanada)
Requirement already satisfied: certifi>=2017.4.17 in /home/wuroderi/.local/lib/python3.11/site-packages (from requests->transformers>=4.30.0->-r requirements.txt (line 2)) (2026.1.4)
Installing datasets...
Looking in links: /cvmfs/soft.computecanada.ca/custom/python/wheelhouse/gentoo2023/x86-64-v4, /cvmfs/soft.computecanada.ca/custom/python/wheelhouse/gentoo2023/x86-64-v3, /cvmfs/soft.computecanada.ca/custom/python/wheelhouse/gentoo2023/generic, /cvmfs/soft.computecanada.ca/custom/python/wheelhouse/generic
Requirement already satisfied: datasets in /home/wuroderi/.local/lib/python3.11/site-packages (4.4.2)
Requirement already satisfied: filelock in /cvmfs/soft.computecanada.ca/easybuild/software/2023/x86-64-v4/Compiler/gcccore/python/3.11.5/lib/python3.11/site-packages (from datasets) (3.12.2)
Requirement already satisfied: numpy>=1.17 in /cvmfs/soft.computecanada.ca/easybuild/software/2023/x86-64-v4/Compiler/gcccore/scipy-stack/2023b/lib/python3.11/site-packages (from datasets) (1.25.2+computecanada)
Requirement already satisfied: pyarrow>=21.0.0 in /cvmfs/soft.computecanada.ca/easybuild/software/2023/x86-64-v4/Compiler/gcccore/arrow/21.0.0/lib/python3.11/site-packages (from datasets) (21.0.0)
Requirement already satisfied: dill<0.4.1,>=0.3.0 in /home/wuroderi/.local/lib/python3.11/site-packages (from datasets) (0.4.0+computecanada)
Requirement already satisfied: pandas in /home/wuroderi/.local/lib/python3.11/site-packages (from datasets) (2.3.3+computecanada)
Requirement already satisfied: requests>=2.32.2 in /home/wuroderi/.local/lib/python3.11/site-packages (from datasets) (2.32.5+computecanada)
Requirement already satisfied: httpx<1.0.0 in /home/wuroderi/.local/lib/python3.11/site-packages (from datasets) (0.28.1+computecanada)
Requirement already satisfied: tqdm>=4.66.3 in /home/wuroderi/.local/lib/python3.11/site-packages (from datasets) (4.67.1+computecanada)
Requirement already satisfied: xxhash in /home/wuroderi/.local/lib/python3.11/site-packages (from datasets) (3.5.0+computecanada)
Requirement already satisfied: multiprocess<0.70.19 in /home/wuroderi/.local/lib/python3.11/site-packages (from datasets) (0.70.18+computecanada)
Requirement already satisfied: fsspec<=2025.10.0,>=2023.1.0 in /home/wuroderi/.local/lib/python3.11/site-packages (from fsspec[http]<=2025.10.0,>=2023.1.0->datasets) (2025.10.0+computecanada)
Requirement already satisfied: huggingface-hub<2.0,>=0.25.0 in /home/wuroderi/.local/lib/python3.11/site-packages (from datasets) (0.36.0+computecanada)
Requirement already satisfied: packaging in /cvmfs/soft.computecanada.ca/easybuild/software/2023/x86-64-v4/Compiler/gcccore/python/3.11.5/lib/python3.11/site-packages (from datasets) (23.1)
Requirement already satisfied: pyyaml>=5.1 in /home/wuroderi/.local/lib/python3.11/site-packages (from datasets) (6.0.2+computecanada)
Requirement already satisfied: aiohttp!=4.0.0a0,!=4.0.0a1 in /home/wuroderi/.local/lib/python3.11/site-packages (from fsspec[http]<=2025.10.0,>=2023.1.0->datasets) (3.12.15+computecanada)
Requirement already satisfied: anyio in /home/wuroderi/.local/lib/python3.11/site-packages (from httpx<1.0.0->datasets) (4.12.1)
Requirement already satisfied: certifi in /home/wuroderi/.local/lib/python3.11/site-packages (from httpx<1.0.0->datasets) (2026.1.4)
Requirement already satisfied: httpcore==1.* in /home/wuroderi/.local/lib/python3.11/site-packages (from httpx<1.0.0->datasets) (1.0.9+computecanada)
Requirement already satisfied: idna in /home/wuroderi/.local/lib/python3.11/site-packages (from httpx<1.0.0->datasets) (3.11+computecanada)
Requirement already satisfied: h11>=0.16 in /home/wuroderi/.local/lib/python3.11/site-packages (from httpcore==1.*->httpx<1.0.0->datasets) (0.16.0+computecanada)
Requirement already satisfied: hf-xet<2.0.0,>=1.1.3 in /home/wuroderi/.local/lib/python3.11/site-packages (from huggingface-hub<2.0,>=0.25.0->datasets) (1.2.0+computecanada)
Requirement already satisfied: typing-extensions>=3.7.4.3 in /home/wuroderi/.local/lib/python3.11/site-packages (from huggingface-hub<2.0,>=0.25.0->datasets) (4.15.0+computecanada)
Requirement already satisfied: aiohappyeyeballs>=2.5.0 in /home/wuroderi/.local/lib/python3.11/site-packages (from aiohttp!=4.0.0a0,!=4.0.0a1->fsspec[http]<=2025.10.0,>=2023.1.0->datasets) (2.6.1+computecanada)
Requirement already satisfied: aiosignal>=1.4.0 in /home/wuroderi/.local/lib/python3.11/site-packages (from aiohttp!=4.0.0a0,!=4.0.0a1->fsspec[http]<=2025.10.0,>=2023.1.0->datasets) (1.4.0+computecanada)
Requirement already satisfied: attrs>=17.3.0 in /cvmfs/soft.computecanada.ca/easybuild/software/2023/x86-64-v4/Compiler/gcccore/scipy-stack/2023b/lib/python3.11/site-packages (from aiohttp!=4.0.0a0,!=4.0.0a1->fsspec[http]<=2025.10.0,>=2023.1.0->datasets) (23.1.0+computecanada)
Requirement already satisfied: frozenlist>=1.1.1 in /home/wuroderi/.local/lib/python3.11/site-packages (from aiohttp!=4.0.0a0,!=4.0.0a1->fsspec[http]<=2025.10.0,>=2023.1.0->datasets) (1.8.0+computecanada)
Requirement already satisfied: multidict<7.0,>=4.5 in /home/wuroderi/.local/lib/python3.11/site-packages (from aiohttp!=4.0.0a0,!=4.0.0a1->fsspec[http]<=2025.10.0,>=2023.1.0->datasets) (6.7.0+computecanada)
Requirement already satisfied: propcache>=0.2.0 in /home/wuroderi/.local/lib/python3.11/site-packages (from aiohttp!=4.0.0a0,!=4.0.0a1->fsspec[http]<=2025.10.0,>=2023.1.0->datasets) (0.4.1+computecanada)
Requirement already satisfied: yarl<2.0,>=1.17.0 in /home/wuroderi/.local/lib/python3.11/site-packages (from aiohttp!=4.0.0a0,!=4.0.0a1->fsspec[http]<=2025.10.0,>=2023.1.0->datasets) (1.22.0+computecanada)
Requirement already satisfied: charset-normalizer<4,>=2 in /home/wuroderi/.local/lib/python3.11/site-packages (from requests>=2.32.2->datasets) (3.4.4+computecanada)
Requirement already satisfied: urllib3<3,>=1.21.1 in /home/wuroderi/.local/lib/python3.11/site-packages (from requests>=2.32.2->datasets) (2.6.3+computecanada)
Requirement already satisfied: python-dateutil>=2.8.2 in /cvmfs/soft.computecanada.ca/easybuild/software/2023/x86-64-v4/Compiler/gcccore/ipykernel/2023b/lib/python3.11/site-packages (from pandas->datasets) (2.8.2+computecanada)
Requirement already satisfied: pytz>=2020.1 in /cvmfs/soft.computecanada.ca/easybuild/software/2023/x86-64-v4/Compiler/gcccore/scipy-stack/2023b/lib/python3.11/site-packages (from pandas->datasets) (2023.3+computecanada)
Requirement already satisfied: tzdata>=2022.7 in /cvmfs/soft.computecanada.ca/easybuild/software/2023/x86-64-v4/Compiler/gcccore/scipy-stack/2023b/lib/python3.11/site-packages (from pandas->datasets) (2023.3+computecanada)
Requirement already satisfied: six>=1.5 in /cvmfs/soft.computecanada.ca/easybuild/software/2023/x86-64-v4/Compiler/gcccore/python/3.11.5/lib/python3.11/site-packages (from python-dateutil>=2.8.2->pandas->datasets) (1.16.0)
Installing TransformerLens (editable)...
Looking in links: /cvmfs/soft.computecanada.ca/custom/python/wheelhouse/gentoo2023/x86-64-v4, /cvmfs/soft.computecanada.ca/custom/python/wheelhouse/gentoo2023/x86-64-v3, /cvmfs/soft.computecanada.ca/custom/python/wheelhouse/gentoo2023/generic, /cvmfs/soft.computecanada.ca/custom/python/wheelhouse/generic
Obtaining file:///project/6098391/wuroderi/TransformerLens
  Installing build dependencies: started
  Installing build dependencies: finished with status 'done'
  Checking if build backend supports build_editable: started
  Checking if build backend supports build_editable: finished with status 'done'
  Getting requirements to build editable: started
  Getting requirements to build editable: finished with status 'done'
  Preparing editable metadata (pyproject.toml): started
  Preparing editable metadata (pyproject.toml): finished with status 'done'
Requirement already satisfied: accelerate>=0.23.0 in /home/wuroderi/.local/lib/python3.11/site-packages (from transformer-lens==0.0.0) (1.12.0+computecanada)
Requirement already satisfied: beartype<0.15.0,>=0.14.1 in /home/wuroderi/.local/lib/python3.11/site-packages (from transformer-lens==0.0.0) (0.14.1)
Requirement already satisfied: better-abc<0.0.4,>=0.0.3 in /home/wuroderi/.local/lib/python3.11/site-packages (from transformer-lens==0.0.0) (0.0.3)
Requirement already satisfied: datasets>=2.7.1 in /home/wuroderi/.local/lib/python3.11/site-packages (from transformer-lens==0.0.0) (4.4.2)
Requirement already satisfied: einops>=0.6.0 in /home/wuroderi/.local/lib/python3.11/site-packages (from transformer-lens==0.0.0) (0.8.1+computecanada)
Requirement already satisfied: fancy-einsum>=0.0.3 in /home/wuroderi/.local/lib/python3.11/site-packages (from transformer-lens==0.0.0) (0.0.3)
Requirement already satisfied: jaxtyping>=0.2.11 in /home/wuroderi/.local/lib/python3.11/site-packages (from transformer-lens==0.0.0) (0.3.5)
Requirement already satisfied: numpy<2,>=1.24 in /cvmfs/soft.computecanada.ca/easybuild/software/2023/x86-64-v4/Compiler/gcccore/scipy-stack/2023b/lib/python3.11/site-packages (from transformer-lens==0.0.0) (1.25.2+computecanada)
Requirement already satisfied: pandas>=1.1.5 in /home/wuroderi/.local/lib/python3.11/site-packages (from transformer-lens==0.0.0) (2.3.3+computecanada)
Requirement already satisfied: rich>=12.6.0 in /home/wuroderi/.local/lib/python3.11/site-packages (from transformer-lens==0.0.0) (14.2.0+computecanada)
Requirement already satisfied: sentencepiece in /home/wuroderi/.local/lib/python3.11/site-packages (from transformer-lens==0.0.0) (0.2.0+computecanada)
Requirement already satisfied: torch>=2.6 in /home/wuroderi/.local/lib/python3.11/site-packages (from transformer-lens==0.0.0) (2.9.1+computecanada)
Requirement already satisfied: tqdm>=4.64.1 in /home/wuroderi/.local/lib/python3.11/site-packages (from transformer-lens==0.0.0) (4.67.1+computecanada)
Requirement already satisfied: transformers>=4.51 in /home/wuroderi/.local/lib/python3.11/site-packages (from transformer-lens==0.0.0) (4.57.3+computecanada)
Requirement already satisfied: transformers-stream-generator<0.0.6,>=0.0.5 in /home/wuroderi/.local/lib/python3.11/site-packages (from transformer-lens==0.0.0) (0.0.5+computecanada)
Requirement already satisfied: typeguard<5.0,>=4.2 in /home/wuroderi/.local/lib/python3.11/site-packages (from transformer-lens==0.0.0) (4.4.4+computecanada)
Requirement already satisfied: typing-extensions in /home/wuroderi/.local/lib/python3.11/site-packages (from transformer-lens==0.0.0) (4.15.0+computecanada)
Requirement already satisfied: wandb>=0.13.5 in /home/wuroderi/.local/lib/python3.11/site-packages (from transformer-lens==0.0.0) (0.21.2+computecanada)
Requirement already satisfied: packaging>=20.0 in /cvmfs/soft.computecanada.ca/easybuild/software/2023/x86-64-v4/Compiler/gcccore/python/3.11.5/lib/python3.11/site-packages (from accelerate>=0.23.0->transformer-lens==0.0.0) (23.1)
Requirement already satisfied: psutil in /cvmfs/soft.computecanada.ca/easybuild/software/2023/x86-64-v4/Compiler/gcccore/ipykernel/2023b/lib/python3.11/site-packages (from accelerate>=0.23.0->transformer-lens==0.0.0) (5.9.5+computecanada)
Requirement already satisfied: pyyaml in /home/wuroderi/.local/lib/python3.11/site-packages (from accelerate>=0.23.0->transformer-lens==0.0.0) (6.0.2+computecanada)
Requirement already satisfied: huggingface_hub>=0.21.0 in /home/wuroderi/.local/lib/python3.11/site-packages (from accelerate>=0.23.0->transformer-lens==0.0.0) (0.36.0+computecanada)
Requirement already satisfied: safetensors>=0.4.3 in /home/wuroderi/.local/lib/python3.11/site-packages (from accelerate>=0.23.0->transformer-lens==0.0.0) (0.5.3+computecanada)
Requirement already satisfied: filelock in /cvmfs/soft.computecanada.ca/easybuild/software/2023/x86-64-v4/Compiler/gcccore/python/3.11.5/lib/python3.11/site-packages (from datasets>=2.7.1->transformer-lens==0.0.0) (3.12.2)
Requirement already satisfied: pyarrow>=21.0.0 in /cvmfs/soft.computecanada.ca/easybuild/software/2023/x86-64-v4/Compiler/gcccore/arrow/21.0.0/lib/python3.11/site-packages (from datasets>=2.7.1->transformer-lens==0.0.0) (21.0.0)
Requirement already satisfied: dill<0.4.1,>=0.3.0 in /home/wuroderi/.local/lib/python3.11/site-packages (from datasets>=2.7.1->transformer-lens==0.0.0) (0.4.0+computecanada)
Requirement already satisfied: requests>=2.32.2 in /home/wuroderi/.local/lib/python3.11/site-packages (from datasets>=2.7.1->transformer-lens==0.0.0) (2.32.5+computecanada)
Requirement already satisfied: httpx<1.0.0 in /home/wuroderi/.local/lib/python3.11/site-packages (from datasets>=2.7.1->transformer-lens==0.0.0) (0.28.1+computecanada)
Requirement already satisfied: xxhash in /home/wuroderi/.local/lib/python3.11/site-packages (from datasets>=2.7.1->transformer-lens==0.0.0) (3.5.0+computecanada)
Requirement already satisfied: multiprocess<0.70.19 in /home/wuroderi/.local/lib/python3.11/site-packages (from datasets>=2.7.1->transformer-lens==0.0.0) (0.70.18+computecanada)
Requirement already satisfied: fsspec<=2025.10.0,>=2023.1.0 in /home/wuroderi/.local/lib/python3.11/site-packages (from fsspec[http]<=2025.10.0,>=2023.1.0->datasets>=2.7.1->transformer-lens==0.0.0) (2025.10.0+computecanada)
Requirement already satisfied: aiohttp!=4.0.0a0,!=4.0.0a1 in /home/wuroderi/.local/lib/python3.11/site-packages (from fsspec[http]<=2025.10.0,>=2023.1.0->datasets>=2.7.1->transformer-lens==0.0.0) (3.12.15+computecanada)
Requirement already satisfied: anyio in /home/wuroderi/.local/lib/python3.11/site-packages (from httpx<1.0.0->datasets>=2.7.1->transformer-lens==0.0.0) (4.12.1)
Requirement already satisfied: certifi in /home/wuroderi/.local/lib/python3.11/site-packages (from httpx<1.0.0->datasets>=2.7.1->transformer-lens==0.0.0) (2026.1.4)
Requirement already satisfied: httpcore==1.* in /home/wuroderi/.local/lib/python3.11/site-packages (from httpx<1.0.0->datasets>=2.7.1->transformer-lens==0.0.0) (1.0.9+computecanada)
Requirement already satisfied: idna in /home/wuroderi/.local/lib/python3.11/site-packages (from httpx<1.0.0->datasets>=2.7.1->transformer-lens==0.0.0) (3.11+computecanada)
Requirement already satisfied: h11>=0.16 in /home/wuroderi/.local/lib/python3.11/site-packages (from httpcore==1.*->httpx<1.0.0->datasets>=2.7.1->transformer-lens==0.0.0) (0.16.0+computecanada)
Requirement already satisfied: hf-xet<2.0.0,>=1.1.3 in /home/wuroderi/.local/lib/python3.11/site-packages (from huggingface_hub>=0.21.0->accelerate>=0.23.0->transformer-lens==0.0.0) (1.2.0+computecanada)
Requirement already satisfied: aiohappyeyeballs>=2.5.0 in /home/wuroderi/.local/lib/python3.11/site-packages (from aiohttp!=4.0.0a0,!=4.0.0a1->fsspec[http]<=2025.10.0,>=2023.1.0->datasets>=2.7.1->transformer-lens==0.0.0) (2.6.1+computecanada)
Requirement already satisfied: aiosignal>=1.4.0 in /home/wuroderi/.local/lib/python3.11/site-packages (from aiohttp!=4.0.0a0,!=4.0.0a1->fsspec[http]<=2025.10.0,>=2023.1.0->datasets>=2.7.1->transformer-lens==0.0.0) (1.4.0+computecanada)
Requirement already satisfied: attrs>=17.3.0 in /cvmfs/soft.computecanada.ca/easybuild/software/2023/x86-64-v4/Compiler/gcccore/scipy-stack/2023b/lib/python3.11/site-packages (from aiohttp!=4.0.0a0,!=4.0.0a1->fsspec[http]<=2025.10.0,>=2023.1.0->datasets>=2.7.1->transformer-lens==0.0.0) (23.1.0+computecanada)
Requirement already satisfied: frozenlist>=1.1.1 in /home/wuroderi/.local/lib/python3.11/site-packages (from aiohttp!=4.0.0a0,!=4.0.0a1->fsspec[http]<=2025.10.0,>=2023.1.0->datasets>=2.7.1->transformer-lens==0.0.0) (1.8.0+computecanada)
Requirement already satisfied: multidict<7.0,>=4.5 in /home/wuroderi/.local/lib/python3.11/site-packages (from aiohttp!=4.0.0a0,!=4.0.0a1->fsspec[http]<=2025.10.0,>=2023.1.0->datasets>=2.7.1->transformer-lens==0.0.0) (6.7.0+computecanada)
Requirement already satisfied: propcache>=0.2.0 in /home/wuroderi/.local/lib/python3.11/site-packages (from aiohttp!=4.0.0a0,!=4.0.0a1->fsspec[http]<=2025.10.0,>=2023.1.0->datasets>=2.7.1->transformer-lens==0.0.0) (0.4.1+computecanada)
Requirement already satisfied: yarl<2.0,>=1.17.0 in /home/wuroderi/.local/lib/python3.11/site-packages (from aiohttp!=4.0.0a0,!=4.0.0a1->fsspec[http]<=2025.10.0,>=2023.1.0->datasets>=2.7.1->transformer-lens==0.0.0) (1.22.0+computecanada)
Requirement already satisfied: wadler-lindig>=0.1.3 in /home/wuroderi/.local/lib/python3.11/site-packages (from jaxtyping>=0.2.11->transformer-lens==0.0.0) (0.1.7+computecanada)
Requirement already satisfied: python-dateutil>=2.8.2 in /cvmfs/soft.computecanada.ca/easybuild/software/2023/x86-64-v4/Compiler/gcccore/ipykernel/2023b/lib/python3.11/site-packages (from pandas>=1.1.5->transformer-lens==0.0.0) (2.8.2+computecanada)
Requirement already satisfied: pytz>=2020.1 in /cvmfs/soft.computecanada.ca/easybuild/software/2023/x86-64-v4/Compiler/gcccore/scipy-stack/2023b/lib/python3.11/site-packages (from pandas>=1.1.5->transformer-lens==0.0.0) (2023.3+computecanada)
Requirement already satisfied: tzdata>=2022.7 in /cvmfs/soft.computecanada.ca/easybuild/software/2023/x86-64-v4/Compiler/gcccore/scipy-stack/2023b/lib/python3.11/site-packages (from pandas>=1.1.5->transformer-lens==0.0.0) (2023.3+computecanada)
Requirement already satisfied: six>=1.5 in /cvmfs/soft.computecanada.ca/easybuild/software/2023/x86-64-v4/Compiler/gcccore/python/3.11.5/lib/python3.11/site-packages (from python-dateutil>=2.8.2->pandas>=1.1.5->transformer-lens==0.0.0) (1.16.0)
Requirement already satisfied: charset-normalizer<4,>=2 in /home/wuroderi/.local/lib/python3.11/site-packages (from requests>=2.32.2->datasets>=2.7.1->transformer-lens==0.0.0) (3.4.4+computecanada)
Requirement already satisfied: urllib3<3,>=1.21.1 in /home/wuroderi/.local/lib/python3.11/site-packages (from requests>=2.32.2->datasets>=2.7.1->transformer-lens==0.0.0) (2.6.3+computecanada)
Requirement already satisfied: markdown-it-py>=2.2.0 in /home/wuroderi/.local/lib/python3.11/site-packages (from rich>=12.6.0->transformer-lens==0.0.0) (4.0.0+computecanada)
Requirement already satisfied: pygments<3.0.0,>=2.13.0 in /cvmfs/soft.computecanada.ca/easybuild/software/2023/x86-64-v4/Compiler/gcccore/ipykernel/2023b/lib/python3.11/site-packages (from rich>=12.6.0->transformer-lens==0.0.0) (2.16.1+computecanada)
Requirement already satisfied: mdurl~=0.1 in /home/wuroderi/.local/lib/python3.11/site-packages (from markdown-it-py>=2.2.0->rich>=12.6.0->transformer-lens==0.0.0) (0.1.2+computecanada)
Requirement already satisfied: sympy>=1.13.3 in /home/wuroderi/.local/lib/python3.11/site-packages (from torch>=2.6->transformer-lens==0.0.0) (1.14.0+computecanada)
Requirement already satisfied: networkx>=2.5.1 in /home/wuroderi/.local/lib/python3.11/site-packages (from torch>=2.6->transformer-lens==0.0.0) (3.6.1+computecanada)
Requirement already satisfied: jinja2 in /cvmfs/soft.computecanada.ca/easybuild/software/2023/x86-64-v4/Compiler/gcccore/scipy-stack/2023b/lib/python3.11/site-packages (from torch>=2.6->transformer-lens==0.0.0) (3.1.2+computecanada)
Requirement already satisfied: mpmath<1.4,>=1.1.0 in /cvmfs/soft.computecanada.ca/easybuild/software/2023/x86-64-v4/Compiler/gcccore/scipy-stack/2023b/lib/python3.11/site-packages (from sympy>=1.13.3->torch>=2.6->transformer-lens==0.0.0) (1.3.0+computecanada)
Requirement already satisfied: regex!=2019.12.17 in /home/wuroderi/.local/lib/python3.11/site-packages (from transformers>=4.51->transformer-lens==0.0.0) (2024.11.6+computecanada)
Requirement already satisfied: tokenizers<=0.23.0,>=0.22.0 in /home/wuroderi/.local/lib/python3.11/site-packages (from transformers>=4.51->transformer-lens==0.0.0) (0.22.1+computecanada)
Requirement already satisfied: click!=8.0.0,>=7.1 in /home/wuroderi/.local/lib/python3.11/site-packages (from wandb>=0.13.5->transformer-lens==0.0.0) (8.3.1+computecanada)
Requirement already satisfied: gitpython!=3.1.29,>=1.0.0 in /home/wuroderi/.local/lib/python3.11/site-packages (from wandb>=0.13.5->transformer-lens==0.0.0) (3.1.46+computecanada)
Requirement already satisfied: platformdirs in /cvmfs/soft.computecanada.ca/easybuild/software/2023/x86-64-v4/Compiler/gcccore/python/3.11.5/lib/python3.11/site-packages (from wandb>=0.13.5->transformer-lens==0.0.0) (3.10.0)
Requirement already satisfied: protobuf!=4.21.0,!=5.28.0,<7,>=3.19.0 in /home/wuroderi/.local/lib/python3.11/site-packages (from wandb>=0.13.5->transformer-lens==0.0.0) (6.33.3)
Requirement already satisfied: pydantic<3 in /home/wuroderi/.local/lib/python3.11/site-packages (from wandb>=0.13.5->transformer-lens==0.0.0) (2.12.5+computecanada)
Requirement already satisfied: sentry-sdk>=2.0.0 in /home/wuroderi/.local/lib/python3.11/site-packages (from wandb>=0.13.5->transformer-lens==0.0.0) (2.49.0)
Requirement already satisfied: annotated-types>=0.6.0 in /home/wuroderi/.local/lib/python3.11/site-packages (from pydantic<3->wandb>=0.13.5->transformer-lens==0.0.0) (0.7.0+computecanada)
Requirement already satisfied: pydantic-core==2.41.5 in /home/wuroderi/.local/lib/python3.11/site-packages (from pydantic<3->wandb>=0.13.5->transformer-lens==0.0.0) (2.41.5+computecanada)
Requirement already satisfied: typing-inspection>=0.4.2 in /home/wuroderi/.local/lib/python3.11/site-packages (from pydantic<3->wandb>=0.13.5->transformer-lens==0.0.0) (0.4.2+computecanada)
Requirement already satisfied: gitdb<5,>=4.0.1 in /home/wuroderi/.local/lib/python3.11/site-packages (from gitpython!=3.1.29,>=1.0.0->wandb>=0.13.5->transformer-lens==0.0.0) (4.0.12+computecanada)
Requirement already satisfied: smmap<6,>=3.0.1 in /home/wuroderi/.local/lib/python3.11/site-packages (from gitdb<5,>=4.0.1->gitpython!=3.1.29,>=1.0.0->wandb>=0.13.5->transformer-lens==0.0.0) (5.0.2+computecanada)
Requirement already satisfied: MarkupSafe>=2.0 in /cvmfs/soft.computecanada.ca/easybuild/software/2023/x86-64-v4/Compiler/gcccore/scipy-stack/2023b/lib/python3.11/site-packages (from jinja2->torch>=2.6->transformer-lens==0.0.0) (2.1.3+computecanada)
Building wheels for collected packages: transformer-lens
  Building editable for transformer-lens (pyproject.toml): started
  Building editable for transformer-lens (pyproject.toml): finished with status 'done'
  Created wheel for transformer-lens: filename=transformer_lens-0.0.0-py3-none-any.whl size=7089 sha256=6d13cceb2380106f817f0a6efd94b3c89b33094c546d2ee2442194d240f80d34
  Stored in directory: /tmp/pip-ephem-wheel-cache-6r6plvdh/wheels/d2/48/a8/362e4fadc083e2d0553a557c7772e86237c58229de5beb7891
Successfully built transformer-lens
Installing collected packages: transformer-lens
  Attempting uninstall: transformer-lens
    Found existing installation: transformer-lens 0.0.0
    Not uninstalling transformer-lens at /home/wuroderi/.local/lib/python3.11/site-packages, outside environment /project/6098391/wuroderi/reasoning_abstraction/venv
    Can't uninstall 'transformer-lens'. No files were found to uninstall.
Successfully installed transformer-lens-0.0.0
Installing pyvene (editable)...
Looking in links: /cvmfs/soft.computecanada.ca/custom/python/wheelhouse/gentoo2023/x86-64-v4, /cvmfs/soft.computecanada.ca/custom/python/wheelhouse/gentoo2023/x86-64-v3, /cvmfs/soft.computecanada.ca/custom/python/wheelhouse/gentoo2023/generic, /cvmfs/soft.computecanada.ca/custom/python/wheelhouse/generic
Obtaining file:///project/6098391/wuroderi/pyvene
  Installing build dependencies: started
  Installing build dependencies: finished with status 'done'
  Checking if build backend supports build_editable: started
  Checking if build backend supports build_editable: finished with status 'done'
  Getting requirements to build editable: started
  Getting requirements to build editable: finished with status 'done'
  Installing backend dependencies: started
  Installing backend dependencies: finished with status 'done'
  Preparing editable metadata (pyproject.toml): started
  Preparing editable metadata (pyproject.toml): finished with status 'done'
Requirement already satisfied: accelerate>=0.34.2 in /home/wuroderi/.local/lib/python3.11/site-packages (from pyvene==0.1.8) (1.12.0+computecanada)
Requirement already satisfied: datasets>=3.0.1 in /home/wuroderi/.local/lib/python3.11/site-packages (from pyvene==0.1.8) (4.4.2)
Requirement already satisfied: fsspec>=2023.6.0 in /home/wuroderi/.local/lib/python3.11/site-packages (from pyvene==0.1.8) (2025.10.0+computecanada)
Requirement already satisfied: huggingface-hub>=0.25.1 in /home/wuroderi/.local/lib/python3.11/site-packages (from pyvene==0.1.8) (0.36.0+computecanada)
Requirement already satisfied: ipywidgets>=8.1.1 in /home/wuroderi/.local/lib/python3.11/site-packages (from pyvene==0.1.8) (8.1.8+computecanada)
Requirement already satisfied: matplotlib>=3.7.4 in /home/wuroderi/.local/lib/python3.11/site-packages (from pyvene==0.1.8) (3.10.1+computecanada)
Requirement already satisfied: numpy>1.24.4 in /cvmfs/soft.computecanada.ca/easybuild/software/2023/x86-64-v4/Compiler/gcccore/scipy-stack/2023b/lib/python3.11/site-packages (from pyvene==0.1.8) (1.25.2+computecanada)
Requirement already satisfied: plotnine>=0.12.4 in /home/wuroderi/.local/lib/python3.11/site-packages (from pyvene==0.1.8) (0.15.2)
Requirement already satisfied: protobuf>=3.20.0 in /home/wuroderi/.local/lib/python3.11/site-packages (from pyvene==0.1.8) (6.33.3)
Requirement already satisfied: sentencepiece>=0.2.0 in /home/wuroderi/.local/lib/python3.11/site-packages (from pyvene==0.1.8) (0.2.0+computecanada)
Requirement already satisfied: tokenizers>=0.20.0 in /home/wuroderi/.local/lib/python3.11/site-packages (from pyvene==0.1.8) (0.22.1+computecanada)
Requirement already satisfied: torch>=2.0.0 in /home/wuroderi/.local/lib/python3.11/site-packages (from pyvene==0.1.8) (2.9.1+computecanada)
Requirement already satisfied: transformers>=4.55.0.dev0 in /home/wuroderi/.local/lib/python3.11/site-packages (from pyvene==0.1.8) (4.57.3+computecanada)
Requirement already satisfied: packaging>=20.0 in /cvmfs/soft.computecanada.ca/easybuild/software/2023/x86-64-v4/Compiler/gcccore/python/3.11.5/lib/python3.11/site-packages (from accelerate>=0.34.2->pyvene==0.1.8) (23.1)
Requirement already satisfied: psutil in /cvmfs/soft.computecanada.ca/easybuild/software/2023/x86-64-v4/Compiler/gcccore/ipykernel/2023b/lib/python3.11/site-packages (from accelerate>=0.34.2->pyvene==0.1.8) (5.9.5+computecanada)
Requirement already satisfied: pyyaml in /home/wuroderi/.local/lib/python3.11/site-packages (from accelerate>=0.34.2->pyvene==0.1.8) (6.0.2+computecanada)
Requirement already satisfied: safetensors>=0.4.3 in /home/wuroderi/.local/lib/python3.11/site-packages (from accelerate>=0.34.2->pyvene==0.1.8) (0.5.3+computecanada)
Requirement already satisfied: filelock in /cvmfs/soft.computecanada.ca/easybuild/software/2023/x86-64-v4/Compiler/gcccore/python/3.11.5/lib/python3.11/site-packages (from datasets>=3.0.1->pyvene==0.1.8) (3.12.2)
Requirement already satisfied: pyarrow>=21.0.0 in /cvmfs/soft.computecanada.ca/easybuild/software/2023/x86-64-v4/Compiler/gcccore/arrow/21.0.0/lib/python3.11/site-packages (from datasets>=3.0.1->pyvene==0.1.8) (21.0.0)
Requirement already satisfied: dill<0.4.1,>=0.3.0 in /home/wuroderi/.local/lib/python3.11/site-packages (from datasets>=3.0.1->pyvene==0.1.8) (0.4.0+computecanada)
Requirement already satisfied: pandas in /home/wuroderi/.local/lib/python3.11/site-packages (from datasets>=3.0.1->pyvene==0.1.8) (2.3.3+computecanada)
Requirement already satisfied: requests>=2.32.2 in /home/wuroderi/.local/lib/python3.11/site-packages (from datasets>=3.0.1->pyvene==0.1.8) (2.32.5+computecanada)
Requirement already satisfied: httpx<1.0.0 in /home/wuroderi/.local/lib/python3.11/site-packages (from datasets>=3.0.1->pyvene==0.1.8) (0.28.1+computecanada)
Requirement already satisfied: tqdm>=4.66.3 in /home/wuroderi/.local/lib/python3.11/site-packages (from datasets>=3.0.1->pyvene==0.1.8) (4.67.1+computecanada)
Requirement already satisfied: xxhash in /home/wuroderi/.local/lib/python3.11/site-packages (from datasets>=3.0.1->pyvene==0.1.8) (3.5.0+computecanada)
Requirement already satisfied: multiprocess<0.70.19 in /home/wuroderi/.local/lib/python3.11/site-packages (from datasets>=3.0.1->pyvene==0.1.8) (0.70.18+computecanada)
Requirement already satisfied: aiohttp!=4.0.0a0,!=4.0.0a1 in /home/wuroderi/.local/lib/python3.11/site-packages (from fsspec[http]<=2025.10.0,>=2023.1.0->datasets>=3.0.1->pyvene==0.1.8) (3.12.15+computecanada)
Requirement already satisfied: anyio in /home/wuroderi/.local/lib/python3.11/site-packages (from httpx<1.0.0->datasets>=3.0.1->pyvene==0.1.8) (4.12.1)
Requirement already satisfied: certifi in /home/wuroderi/.local/lib/python3.11/site-packages (from httpx<1.0.0->datasets>=3.0.1->pyvene==0.1.8) (2026.1.4)
Requirement already satisfied: httpcore==1.* in /home/wuroderi/.local/lib/python3.11/site-packages (from httpx<1.0.0->datasets>=3.0.1->pyvene==0.1.8) (1.0.9+computecanada)
Requirement already satisfied: idna in /home/wuroderi/.local/lib/python3.11/site-packages (from httpx<1.0.0->datasets>=3.0.1->pyvene==0.1.8) (3.11+computecanada)
Requirement already satisfied: h11>=0.16 in /home/wuroderi/.local/lib/python3.11/site-packages (from httpcore==1.*->httpx<1.0.0->datasets>=3.0.1->pyvene==0.1.8) (0.16.0+computecanada)
Requirement already satisfied: hf-xet<2.0.0,>=1.1.3 in /home/wuroderi/.local/lib/python3.11/site-packages (from huggingface-hub>=0.25.1->pyvene==0.1.8) (1.2.0+computecanada)
Requirement already satisfied: typing-extensions>=3.7.4.3 in /home/wuroderi/.local/lib/python3.11/site-packages (from huggingface-hub>=0.25.1->pyvene==0.1.8) (4.15.0+computecanada)
Requirement already satisfied: aiohappyeyeballs>=2.5.0 in /home/wuroderi/.local/lib/python3.11/site-packages (from aiohttp!=4.0.0a0,!=4.0.0a1->fsspec[http]<=2025.10.0,>=2023.1.0->datasets>=3.0.1->pyvene==0.1.8) (2.6.1+computecanada)
Requirement already satisfied: aiosignal>=1.4.0 in /home/wuroderi/.local/lib/python3.11/site-packages (from aiohttp!=4.0.0a0,!=4.0.0a1->fsspec[http]<=2025.10.0,>=2023.1.0->datasets>=3.0.1->pyvene==0.1.8) (1.4.0+computecanada)
Requirement already satisfied: attrs>=17.3.0 in /cvmfs/soft.computecanada.ca/easybuild/software/2023/x86-64-v4/Compiler/gcccore/scipy-stack/2023b/lib/python3.11/site-packages (from aiohttp!=4.0.0a0,!=4.0.0a1->fsspec[http]<=2025.10.0,>=2023.1.0->datasets>=3.0.1->pyvene==0.1.8) (23.1.0+computecanada)
Requirement already satisfied: frozenlist>=1.1.1 in /home/wuroderi/.local/lib/python3.11/site-packages (from aiohttp!=4.0.0a0,!=4.0.0a1->fsspec[http]<=2025.10.0,>=2023.1.0->datasets>=3.0.1->pyvene==0.1.8) (1.8.0+computecanada)
Requirement already satisfied: multidict<7.0,>=4.5 in /home/wuroderi/.local/lib/python3.11/site-packages (from aiohttp!=4.0.0a0,!=4.0.0a1->fsspec[http]<=2025.10.0,>=2023.1.0->datasets>=3.0.1->pyvene==0.1.8) (6.7.0+computecanada)
Requirement already satisfied: propcache>=0.2.0 in /home/wuroderi/.local/lib/python3.11/site-packages (from aiohttp!=4.0.0a0,!=4.0.0a1->fsspec[http]<=2025.10.0,>=2023.1.0->datasets>=3.0.1->pyvene==0.1.8) (0.4.1+computecanada)
Requirement already satisfied: yarl<2.0,>=1.17.0 in /home/wuroderi/.local/lib/python3.11/site-packages (from aiohttp!=4.0.0a0,!=4.0.0a1->fsspec[http]<=2025.10.0,>=2023.1.0->datasets>=3.0.1->pyvene==0.1.8) (1.22.0+computecanada)
Requirement already satisfied: comm>=0.1.3 in /cvmfs/soft.computecanada.ca/easybuild/software/2023/x86-64-v4/Compiler/gcccore/ipykernel/2023b/lib/python3.11/site-packages (from ipywidgets>=8.1.1->pyvene==0.1.8) (0.1.4+computecanada)
Requirement already satisfied: ipython>=6.1.0 in /cvmfs/soft.computecanada.ca/easybuild/software/2023/x86-64-v4/Compiler/gcccore/ipykernel/2023b/lib/python3.11/site-packages (from ipywidgets>=8.1.1->pyvene==0.1.8) (8.15.0+computecanada)
Requirement already satisfied: traitlets>=4.3.1 in /cvmfs/soft.computecanada.ca/easybuild/software/2023/x86-64-v4/Compiler/gcccore/ipykernel/2023b/lib/python3.11/site-packages (from ipywidgets>=8.1.1->pyvene==0.1.8) (5.9.0+computecanada)
Requirement already satisfied: widgetsnbextension~=4.0.14 in /home/wuroderi/.local/lib/python3.11/site-packages (from ipywidgets>=8.1.1->pyvene==0.1.8) (4.0.15+computecanada)
Requirement already satisfied: jupyterlab_widgets~=3.0.15 in /home/wuroderi/.local/lib/python3.11/site-packages (from ipywidgets>=8.1.1->pyvene==0.1.8) (3.0.16+computecanada)
Requirement already satisfied: backcall in /cvmfs/soft.computecanada.ca/easybuild/software/2023/x86-64-v4/Compiler/gcccore/ipykernel/2023b/lib/python3.11/site-packages (from ipython>=6.1.0->ipywidgets>=8.1.1->pyvene==0.1.8) (0.2.0+computecanada)
Requirement already satisfied: decorator in /cvmfs/soft.computecanada.ca/easybuild/software/2023/x86-64-v4/Compiler/gcccore/ipykernel/2023b/lib/python3.11/site-packages (from ipython>=6.1.0->ipywidgets>=8.1.1->pyvene==0.1.8) (5.1.1+computecanada)
Requirement already satisfied: jedi>=0.16 in /cvmfs/soft.computecanada.ca/easybuild/software/2023/x86-64-v4/Compiler/gcccore/ipykernel/2023b/lib/python3.11/site-packages (from ipython>=6.1.0->ipywidgets>=8.1.1->pyvene==0.1.8) (0.19.0+computecanada)
Requirement already satisfied: matplotlib-inline in /cvmfs/soft.computecanada.ca/easybuild/software/2023/x86-64-v4/Compiler/gcccore/ipykernel/2023b/lib/python3.11/site-packages (from ipython>=6.1.0->ipywidgets>=8.1.1->pyvene==0.1.8) (0.1.6+computecanada)
Requirement already satisfied: pickleshare in /cvmfs/soft.computecanada.ca/easybuild/software/2023/x86-64-v4/Compiler/gcccore/ipykernel/2023b/lib/python3.11/site-packages (from ipython>=6.1.0->ipywidgets>=8.1.1->pyvene==0.1.8) (0.7.5+computecanada)
Requirement already satisfied: prompt-toolkit!=3.0.37,<3.1.0,>=3.0.30 in /cvmfs/soft.computecanada.ca/easybuild/software/2023/x86-64-v4/Compiler/gcccore/ipykernel/2023b/lib/python3.11/site-packages (from ipython>=6.1.0->ipywidgets>=8.1.1->pyvene==0.1.8) (3.0.39+computecanada)
Requirement already satisfied: pygments>=2.4.0 in /cvmfs/soft.computecanada.ca/easybuild/software/2023/x86-64-v4/Compiler/gcccore/ipykernel/2023b/lib/python3.11/site-packages (from ipython>=6.1.0->ipywidgets>=8.1.1->pyvene==0.1.8) (2.16.1+computecanada)
Requirement already satisfied: stack-data in /cvmfs/soft.computecanada.ca/easybuild/software/2023/x86-64-v4/Compiler/gcccore/ipykernel/2023b/lib/python3.11/site-packages (from ipython>=6.1.0->ipywidgets>=8.1.1->pyvene==0.1.8) (0.6.2+computecanada)
Requirement already satisfied: pexpect>4.3 in /cvmfs/soft.computecanada.ca/easybuild/software/2023/x86-64-v4/Compiler/gcccore/ipykernel/2023b/lib/python3.11/site-packages (from ipython>=6.1.0->ipywidgets>=8.1.1->pyvene==0.1.8) (4.8.0+computecanada)
Requirement already satisfied: wcwidth in /cvmfs/soft.computecanada.ca/easybuild/software/2023/x86-64-v4/Compiler/gcccore/ipykernel/2023b/lib/python3.11/site-packages (from prompt-toolkit!=3.0.37,<3.1.0,>=3.0.30->ipython>=6.1.0->ipywidgets>=8.1.1->pyvene==0.1.8) (0.2.6+computecanada)
Requirement already satisfied: parso<0.9.0,>=0.8.3 in /cvmfs/soft.computecanada.ca/easybuild/software/2023/x86-64-v4/Compiler/gcccore/ipykernel/2023b/lib/python3.11/site-packages (from jedi>=0.16->ipython>=6.1.0->ipywidgets>=8.1.1->pyvene==0.1.8) (0.8.3+computecanada)
Requirement already satisfied: contourpy>=1.0.1 in /cvmfs/soft.computecanada.ca/easybuild/software/2023/x86-64-v4/Compiler/gcccore/scipy-stack/2023b/lib/python3.11/site-packages (from matplotlib>=3.7.4->pyvene==0.1.8) (1.1.0+computecanada)
Requirement already satisfied: cycler>=0.10 in /cvmfs/soft.computecanada.ca/easybuild/software/2023/x86-64-v4/Compiler/gcccore/scipy-stack/2023b/lib/python3.11/site-packages (from matplotlib>=3.7.4->pyvene==0.1.8) (0.11.0+computecanada)
Requirement already satisfied: fonttools>=4.22.0 in /cvmfs/soft.computecanada.ca/easybuild/software/2023/x86-64-v4/Compiler/gcccore/scipy-stack/2023b/lib/python3.11/site-packages (from matplotlib>=3.7.4->pyvene==0.1.8) (4.42.1+computecanada)
Requirement already satisfied: kiwisolver>=1.3.1 in /cvmfs/soft.computecanada.ca/easybuild/software/2023/x86-64-v4/Compiler/gcccore/scipy-stack/2023b/lib/python3.11/site-packages (from matplotlib>=3.7.4->pyvene==0.1.8) (1.4.5+computecanada)
Requirement already satisfied: pillow>=8 in /cvmfs/soft.computecanada.ca/easybuild/software/2023/x86-64-v4/Compiler/gcccore/scipy-stack/2023b/lib/python3.11/site-packages (from matplotlib>=3.7.4->pyvene==0.1.8) (10.0.0+computecanada)
Requirement already satisfied: pyparsing>=2.3.1 in /cvmfs/soft.computecanada.ca/easybuild/software/2023/x86-64-v4/Compiler/gcccore/python/3.11.5/lib/python3.11/site-packages (from matplotlib>=3.7.4->pyvene==0.1.8) (3.1.1)
Requirement already satisfied: python-dateutil>=2.7 in /cvmfs/soft.computecanada.ca/easybuild/software/2023/x86-64-v4/Compiler/gcccore/ipykernel/2023b/lib/python3.11/site-packages (from matplotlib>=3.7.4->pyvene==0.1.8) (2.8.2+computecanada)
Requirement already satisfied: ptyprocess>=0.5 in /cvmfs/soft.computecanada.ca/easybuild/software/2023/x86-64-v4/Compiler/gcccore/ipykernel/2023b/lib/python3.11/site-packages (from pexpect>4.3->ipython>=6.1.0->ipywidgets>=8.1.1->pyvene==0.1.8) (0.7.0+computecanada)
Requirement already satisfied: mizani~=0.14.0 in /home/wuroderi/.local/lib/python3.11/site-packages (from plotnine>=0.12.4->pyvene==0.1.8) (0.14.3)
Requirement already satisfied: scipy>=1.8.0 in /cvmfs/soft.computecanada.ca/easybuild/software/2023/x86-64-v4/Compiler/gcccore/scipy-stack/2023b/lib/python3.11/site-packages (from plotnine>=0.12.4->pyvene==0.1.8) (1.11.2+computecanada)
Requirement already satisfied: statsmodels>=0.14.5 in /home/wuroderi/.local/lib/python3.11/site-packages (from plotnine>=0.12.4->pyvene==0.1.8) (0.14.5+computecanada)
Requirement already satisfied: pytz>=2020.1 in /cvmfs/soft.computecanada.ca/easybuild/software/2023/x86-64-v4/Compiler/gcccore/scipy-stack/2023b/lib/python3.11/site-packages (from pandas->datasets>=3.0.1->pyvene==0.1.8) (2023.3+computecanada)
Requirement already satisfied: tzdata>=2022.7 in /cvmfs/soft.computecanada.ca/easybuild/software/2023/x86-64-v4/Compiler/gcccore/scipy-stack/2023b/lib/python3.11/site-packages (from pandas->datasets>=3.0.1->pyvene==0.1.8) (2023.3+computecanada)
Requirement already satisfied: six>=1.5 in /cvmfs/soft.computecanada.ca/easybuild/software/2023/x86-64-v4/Compiler/gcccore/python/3.11.5/lib/python3.11/site-packages (from python-dateutil>=2.7->matplotlib>=3.7.4->pyvene==0.1.8) (1.16.0)
Requirement already satisfied: charset-normalizer<4,>=2 in /home/wuroderi/.local/lib/python3.11/site-packages (from requests>=2.32.2->datasets>=3.0.1->pyvene==0.1.8) (3.4.4+computecanada)
Requirement already satisfied: urllib3<3,>=1.21.1 in /home/wuroderi/.local/lib/python3.11/site-packages (from requests>=2.32.2->datasets>=3.0.1->pyvene==0.1.8) (2.6.3+computecanada)
Requirement already satisfied: patsy>=0.5.6 in /home/wuroderi/.local/lib/python3.11/site-packages (from statsmodels>=0.14.5->plotnine>=0.12.4->pyvene==0.1.8) (1.0.2+computecanada)
Requirement already satisfied: sympy>=1.13.3 in /home/wuroderi/.local/lib/python3.11/site-packages (from torch>=2.0.0->pyvene==0.1.8) (1.14.0+computecanada)
Requirement already satisfied: networkx>=2.5.1 in /home/wuroderi/.local/lib/python3.11/site-packages (from torch>=2.0.0->pyvene==0.1.8) (3.6.1+computecanada)
Requirement already satisfied: jinja2 in /cvmfs/soft.computecanada.ca/easybuild/software/2023/x86-64-v4/Compiler/gcccore/scipy-stack/2023b/lib/python3.11/site-packages (from torch>=2.0.0->pyvene==0.1.8) (3.1.2+computecanada)
Requirement already satisfied: mpmath<1.4,>=1.1.0 in /cvmfs/soft.computecanada.ca/easybuild/software/2023/x86-64-v4/Compiler/gcccore/scipy-stack/2023b/lib/python3.11/site-packages (from sympy>=1.13.3->torch>=2.0.0->pyvene==0.1.8) (1.3.0+computecanada)
Requirement already satisfied: regex!=2019.12.17 in /home/wuroderi/.local/lib/python3.11/site-packages (from transformers>=4.55.0.dev0->pyvene==0.1.8) (2024.11.6+computecanada)
Requirement already satisfied: MarkupSafe>=2.0 in /cvmfs/soft.computecanada.ca/easybuild/software/2023/x86-64-v4/Compiler/gcccore/scipy-stack/2023b/lib/python3.11/site-packages (from jinja2->torch>=2.0.0->pyvene==0.1.8) (2.1.3+computecanada)
Requirement already satisfied: executing>=1.2.0 in /cvmfs/soft.computecanada.ca/easybuild/software/2023/x86-64-v4/Compiler/gcccore/ipykernel/2023b/lib/python3.11/site-packages (from stack-data->ipython>=6.1.0->ipywidgets>=8.1.1->pyvene==0.1.8) (1.2.0+computecanada)
Requirement already satisfied: asttokens>=2.1.0 in /cvmfs/soft.computecanada.ca/easybuild/software/2023/x86-64-v4/Compiler/gcccore/ipykernel/2023b/lib/python3.11/site-packages (from stack-data->ipython>=6.1.0->ipywidgets>=8.1.1->pyvene==0.1.8) (2.2.1+computecanada)
Requirement already satisfied: pure-eval in /cvmfs/soft.computecanada.ca/easybuild/software/2023/x86-64-v4/Compiler/gcccore/ipykernel/2023b/lib/python3.11/site-packages (from stack-data->ipython>=6.1.0->ipywidgets>=8.1.1->pyvene==0.1.8) (0.2.2+computecanada)
Building wheels for collected packages: pyvene
  Building editable for pyvene (pyproject.toml): started
  Building editable for pyvene (pyproject.toml): finished with status 'done'
  Created wheel for pyvene: filename=pyvene-0.1.8-py3-none-any.whl size=7061 sha256=21a7390e5b754479bc39dc21d3d5513ef80724f2f5eac66494705cbc8d5ce008
  Stored in directory: /tmp/pip-ephem-wheel-cache-ikpfxi8s/wheels/ab/11/4d/a5567f429fa044fdf971e68b03310f7a5f8401fa2407d8e9fc
Successfully built pyvene
Installing collected packages: pyvene
  Attempting uninstall: pyvene
    Found existing installation: pyvene 0.1.8
    Not uninstalling pyvene at /home/wuroderi/.local/lib/python3.11/site-packages, outside environment /project/6098391/wuroderi/reasoning_abstraction/venv
    Can't uninstall 'pyvene'. No files were found to uninstall.
Successfully installed pyvene-0.1.8

=== Virtual Environment Setup Complete! ===

To activate the environment in the future, run:
  module load python/3.11.5 cuda/12.6 scipy-stack/2023b arrow/21.0.0
  source venv/bin/activate
